<?xml version="1.0" encoding="UTF-8"?>
<testng-results ignored="0" total="1" passed="1" failed="0" skipped="0">
  <reporter-output>
  </reporter-output>
  <suite started-at="2022-11-30T18:09:50 IST" name="Suite" finished-at="2022-11-30T18:09:56 IST" duration-ms="5789">
    <groups>
    </groups>
    <test started-at="2022-11-30T18:09:50 IST" name="Test" finished-at="2022-11-30T18:09:56 IST" duration-ms="5789">
      <class name="com.Demo.SearchTest">
        <test-method signature="testNoParameter(java.lang.String,java.lang.String)[pri:0, instance:com.Demo.SearchTest@581ac8a8]" started-at="2022-11-30T18:09:50 IST" name="testNoParameter" finished-at="2022-11-30T18:09:56 IST" duration-ms="5749" status="PASS">
          <params>
            <param index="0">
              <value>
                <![CDATA[Guru99]]>
              </value>
            </param>
            <param index="1">
              <value>
                <![CDATA[UK]]>
              </value>
            </param>
          </params>
          <reporter-output>
          </reporter-output>
        </test-method> <!-- testNoParameter -->
      </class> <!-- com.Demo.SearchTest -->
    </test> <!-- Test -->
  </suite> <!-- Suite -->
</testng-results>
